<?xml version="1.0" encoding="UTF-8"?>
<!-- Generated by org.testng.reporters.JUnitReportReporter -->
<testsuite hostname="Vinod-PC" name="testcases.VerifyLogInPageWithReports" tests="1" failures="0" timestamp="18 Jul 2016 09:06:06 GMT" time="23.521" errors="0">
  <testcase name="testHomePage" time="23.521" classname="testcases.VerifyLogInPageWithReports"/>
</testsuite> <!-- testcases.VerifyLogInPageWithReports -->
