<?xml version="1.0" encoding="UTF-8"?>
<!-- Generated by org.testng.reporters.JUnitReportReporter -->
<testsuite hostname="Vinod-PC" name="testcases.VerifyLogInPageWithReports1" tests="1" failures="0" timestamp="18 Jul 2016 13:28:25 GMT" time="24.449" errors="0">
  <testcase name="testHomePage" time="24.449" classname="testcases.VerifyLogInPageWithReports1"/>
</testsuite> <!-- testcases.VerifyLogInPageWithReports1 -->
