<?xml version="1.0" encoding="UTF-8"?>
<!-- Generated by org.testng.reporters.JUnitReportReporter -->
<testsuite hostname="Vinod-PC" name="testcases.VerifyLogInPage" tests="1" failures="0" timestamp="15 Jul 2016 10:44:49 GMT" time="28.733" errors="0">
  <testcase name="testHomePage" time="28.733" classname="testcases.VerifyLogInPage"/>
</testsuite> <!-- testcases.VerifyLogInPage -->
